[u'T386_20150207_2302_2341', u'T386_20150207_2793_2819', u'T386_20150212_1389_1466', u'T386_20150212_2640_2693', u'T916_20150207_2161_2181', u'T916_20150208_2161_2196', u'T916_20150208_2241_2271', u'T916_20150208_2602_2619', u'T386_20150212_1712_1767']
The map matching algorithm is running now, this could take a few minutes ...
{10: {1: 40}}
{10: {8: [('32 Meters', 1, 34, 2.327)]}}
{10: {1: 40}}
{10: {8: [('32 Meters', 1, 34, 2.327), ('32 Meters', 1, 26, 3.077)]}}
{10: {1: 40}}
{10: {8: [('32 Meters', 1, 34, 2.327), ('32 Meters', 1, 26, 3.077), ('32 Meters', 1, 61, 9.378)]}}
{10: {1: 40}}
{10: {8: [('32 Meters', 1, 34, 2.327), ('32 Meters', 1, 26, 3.077), ('32 Meters', 1, 61, 9.378), ('32 Meters', 1, 46, 5.3)]}}
{10: {1: 40}}
{10: {8: [('32 Meters', 1, 34, 2.327), ('32 Meters', 1, 26, 3.077), ('32 Meters', 1, 61, 9.378), ('32 Meters', 1, 46, 5.3), ('32 Meters', 1, 15, 4.521)]}}
{10: {1: 40}}
{10: {8: [('32 Meters', 1, 34, 2.327), ('32 Meters', 1, 26, 3.077), ('32 Meters', 1, 61, 9.378), ('32 Meters', 1, 46, 5.3), ('32 Meters', 1, 15, 4.521), ('32 Meters', 1, 24, 3.151)]}}
{10: {1: 40}}
{10: {8: [('32 Meters', 1, 34, 2.327), ('32 Meters', 1, 26, 3.077), ('32 Meters', 1, 61, 9.378), ('32 Meters', 1, 46, 5.3), ('32 Meters', 1, 15, 4.521), ('32 Meters', 1, 24, 3.151), ('32 Meters', 1, 27, 2.238)]}}
{10: {1: 40}}
{10: {8: [('32 Meters', 1, 34, 2.327), ('32 Meters', 1, 26, 3.077), ('32 Meters', 1, 61, 9.378), ('32 Meters', 1, 46, 5.3), ('32 Meters', 1, 15, 4.521), ('32 Meters', 1, 24, 3.151), ('32 Meters', 1, 27, 2.238), ('32 Meters', 1, 16, 1.223)]}}
{10: {1: 40}}
{10: {8: [('32 Meters', 1, 34, 2.327), ('32 Meters', 1, 26, 3.077), ('32 Meters', 1, 61, 9.378), ('32 Meters', 1, 46, 5.3), ('32 Meters', 1, 15, 4.521), ('32 Meters', 1, 24, 3.151), ('32 Meters', 1, 27, 2.238), ('32 Meters', 1, 16, 1.223), ('32 Meters', 1, 44, 6.383)]}}
