[u'T386_20150207_2302_2341', u'T386_20150207_2793_2819', u'T386_20150212_1389_1466', u'T386_20150212_2640_2693', u'T916_20150207_2161_2181', u'T916_20150208_2161_2196', u'T916_20150208_2241_2271', u'T916_20150208_2602_2619', u'T386_20150212_1712_1767']
The map matching algorithm is running now, this could take a few minutes ...
d_gps={10: {1: 40}}
d_res={10: {15: [('8 Meters', 1, 40, 3.124)]}}
d_gps={10: {1: 40}}
d_res={10: {15: [('8 Meters', 1, 40, 3.124), ('8 Meters', 1, 26, 2.18)]}}
d_gps={10: {1: 40}}
d_res={10: {15: [('8 Meters', 1, 40, 3.124), ('8 Meters', 1, 26, 2.18), ('16 Meters', 1, 65, 6.285)]}}
d_gps={10: {1: 40}}
d_res={10: {15: [('8 Meters', 1, 40, 3.124), ('8 Meters', 1, 26, 2.18), ('16 Meters', 1, 65, 6.285), ('32 Meters', 1, 50, 4.204)]}}
d_gps={10: {1: 40}}
d_res={10: {15: [('8 Meters', 1, 40, 3.124), ('8 Meters', 1, 26, 2.18), ('16 Meters', 1, 65, 6.285), ('32 Meters', 1, 50, 4.204), ('16 Meters', 1, 17, 2.089)]}}
d_gps={10: {1: 40}}
d_res={10: {15: [('8 Meters', 1, 40, 3.124), ('8 Meters', 1, 26, 2.18), ('16 Meters', 1, 65, 6.285), ('32 Meters', 1, 50, 4.204), ('16 Meters', 1, 17, 2.089), ('16 Meters', 1, 29, 2.331)]}}
d_gps={10: {1: 40}}
d_res={10: {15: [('8 Meters', 1, 40, 3.124), ('8 Meters', 1, 26, 2.18), ('16 Meters', 1, 65, 6.285), ('32 Meters', 1, 50, 4.204), ('16 Meters', 1, 17, 2.089), ('16 Meters', 1, 29, 2.331), ('16 Meters', 1, 30, 2.254)]}}
d_gps={10: {1: 40}}
d_res={10: {15: [('8 Meters', 1, 40, 3.124), ('8 Meters', 1, 26, 2.18), ('16 Meters', 1, 65, 6.285), ('32 Meters', 1, 50, 4.204), ('16 Meters', 1, 17, 2.089), ('16 Meters', 1, 29, 2.331), ('16 Meters', 1, 30, 2.254), ('32 Meters', 1, 16, 1.236)]}}
d_gps={10: {1: 40}}
d_res={10: {15: [('8 Meters', 1, 40, 3.124), ('8 Meters', 1, 26, 2.18), ('16 Meters', 1, 65, 6.285), ('32 Meters', 1, 50, 4.204), ('16 Meters', 1, 17, 2.089), ('16 Meters', 1, 29, 2.331), ('16 Meters', 1, 30, 2.254), ('32 Meters', 1, 16, 1.236), ('16 Meters', 1, 51, 4.424)]}}
