[u'T386_20150207_2302_2341', u'T386_20150207_2793_2819', u'T386_20150212_1389_1466', u'T386_20150212_2640_2693', u'T916_20150207_2161_2181', u'T916_20150208_2161_2196', u'T916_20150208_2241_2271', u'T916_20150208_2602_2619', u'T386_20150212_1712_1767']
The map matching algorithm is running now, this could take a few minutes ...
d_gps={10: {1: 40}}
d_res={10: {8: [('8 Meters', 1, 39, 4.053)]}}
d_gps={10: {1: 40}}
d_res={10: {8: [('8 Meters', 1, 39, 4.053), ('8 Meters', 1, 26, 3.17)]}}
d_gps={10: {1: 40}}
d_res={10: {8: [('8 Meters', 1, 39, 4.053), ('8 Meters', 1, 26, 3.17), ('16 Meters', 1, 68, 9.117)]}}
d_gps={10: {1: 40}}
d_res={10: {8: [('8 Meters', 1, 39, 4.053), ('8 Meters', 1, 26, 3.17), ('16 Meters', 1, 68, 9.117), ('32 Meters', 1, 48, 6.227)]}}
d_gps={10: {1: 40}}
d_res={10: {8: [('8 Meters', 1, 39, 4.053), ('8 Meters', 1, 26, 3.17), ('16 Meters', 1, 68, 9.117), ('32 Meters', 1, 48, 6.227), ('16 Meters', 1, 15, 3.062)]}}
d_gps={10: {1: 40}}
d_res={10: {8: [('8 Meters', 1, 39, 4.053), ('8 Meters', 1, 26, 3.17), ('16 Meters', 1, 68, 9.117), ('32 Meters', 1, 48, 6.227), ('16 Meters', 1, 15, 3.062), ('16 Meters', 1, 25, 3.345)]}}
d_gps={10: {1: 40}}
d_res={10: {8: [('8 Meters', 1, 39, 4.053), ('8 Meters', 1, 26, 3.17), ('16 Meters', 1, 68, 9.117), ('32 Meters', 1, 48, 6.227), ('16 Meters', 1, 15, 3.062), ('16 Meters', 1, 25, 3.345), ('16 Meters', 1, 29, 3.157)]}}
d_gps={10: {1: 40}}
d_res={10: {8: [('8 Meters', 1, 39, 4.053), ('8 Meters', 1, 26, 3.17), ('16 Meters', 1, 68, 9.117), ('32 Meters', 1, 48, 6.227), ('16 Meters', 1, 15, 3.062), ('16 Meters', 1, 25, 3.345), ('16 Meters', 1, 29, 3.157), ('32 Meters', 1, 15, 2.05)]}}
d_gps={10: {1: 40}}
d_res={10: {8: [('8 Meters', 1, 39, 4.053), ('8 Meters', 1, 26, 3.17), ('16 Meters', 1, 68, 9.117), ('32 Meters', 1, 48, 6.227), ('16 Meters', 1, 15, 3.062), ('16 Meters', 1, 25, 3.345), ('16 Meters', 1, 29, 3.157), ('32 Meters', 1, 15, 2.05), ('16 Meters', 1, 46, 7.103)]}}
