[u'T386_20150207_2302_2341', u'T386_20150207_2793_2819', u'T386_20150212_1389_1466', u'T386_20150212_2640_2693', u'T916_20150207_2161_2181', u'T916_20150208_2161_2196', u'T916_20150208_2241_2271', u'T916_20150208_2602_2619', u'T386_20150212_1712_1767']
The map matching algorithm is running now, this could take a few minutes ...
{10: {1: 40}}
{10: {8: [('16 Meters', 1, 36, 3.573)]}}
{10: {1: 40}}
{10: {8: [('16 Meters', 1, 36, 3.573), ('16 Meters', 1, 26, 5.514)]}}
{10: {1: 40}}
{10: {8: [('16 Meters', 1, 36, 3.573), ('16 Meters', 1, 26, 5.514), ('16 Meters', 1, 63, 11.037)]}}
{10: {1: 40}}
{10: {8: [('16 Meters', 1, 36, 3.573), ('16 Meters', 1, 26, 5.514), ('16 Meters', 1, 63, 11.037), ('16 Meters', 1, 45, 7.369)]}}
{10: {1: 40}}
{10: {8: [('16 Meters', 1, 36, 3.573), ('16 Meters', 1, 26, 5.514), ('16 Meters', 1, 63, 11.037), ('16 Meters', 1, 45, 7.369), ('16 Meters', 1, 15, 5.492)]}}
{10: {1: 40}}
{10: {8: [('16 Meters', 1, 36, 3.573), ('16 Meters', 1, 26, 5.514), ('16 Meters', 1, 63, 11.037), ('16 Meters', 1, 45, 7.369), ('16 Meters', 1, 15, 5.492), ('16 Meters', 1, 24, 4.115)]}}
{10: {1: 40}}
{10: {8: [('16 Meters', 1, 36, 3.573), ('16 Meters', 1, 26, 5.514), ('16 Meters', 1, 63, 11.037), ('16 Meters', 1, 45, 7.369), ('16 Meters', 1, 15, 5.492), ('16 Meters', 1, 24, 4.115), ('16 Meters', 1, 27, 4.266)]}}
{10: {1: 40}}
{10: {8: [('16 Meters', 1, 36, 3.573), ('16 Meters', 1, 26, 5.514), ('16 Meters', 1, 63, 11.037), ('16 Meters', 1, 45, 7.369), ('16 Meters', 1, 15, 5.492), ('16 Meters', 1, 24, 4.115), ('16 Meters', 1, 27, 4.266), ('16 Meters', 1, 15, 2.089)]}}
{10: {1: 40}}
{10: {8: [('16 Meters', 1, 36, 3.573), ('16 Meters', 1, 26, 5.514), ('16 Meters', 1, 63, 11.037), ('16 Meters', 1, 45, 7.369), ('16 Meters', 1, 15, 5.492), ('16 Meters', 1, 24, 4.115), ('16 Meters', 1, 27, 4.266), ('16 Meters', 1, 15, 2.089), ('16 Meters', 1, 49, 9.571)]}}
