[u'T386_20150207_2302_2341', u'T386_20150207_2793_2819', u'T386_20150212_1389_1466', u'T386_20150212_2640_2693', u'T916_20150207_2161_2181', u'T916_20150208_2161_2196', u'T916_20150208_2241_2271', u'T916_20150208_2602_2619', u'T386_20150212_1712_1767']
The map matching algorithm is running now, this could take a few minutes ...
{10: {1: 40}}
{10: {8: [('4 Meters', 1, 38, 1.538)]}}
{10: {1: 40}}
{10: {8: [('4 Meters', 1, 38, 1.538), ('4 Meters', 1, 15, 1.306)]}}
{10: {1: 40}}
{10: {8: [('4 Meters', 1, 38, 1.538), ('4 Meters', 1, 15, 1.306), ('4 Meters', 1, 44, 3.451)]}}
{10: {1: 40}}
{10: {8: [('4 Meters', 1, 38, 1.538), ('4 Meters', 1, 15, 1.306), ('4 Meters', 1, 44, 3.451), ('4 Meters', 1, 41, 3.434)]}}
{10: {1: 40}}
{10: {8: [('4 Meters', 1, 38, 1.538), ('4 Meters', 1, 15, 1.306), ('4 Meters', 1, 44, 3.451), ('4 Meters', 1, 41, 3.434), ('4 Meters', 1, 2, 1.362)]}}
{10: {1: 40}}
{10: {8: [('4 Meters', 1, 38, 1.538), ('4 Meters', 1, 15, 1.306), ('4 Meters', 1, 44, 3.451), ('4 Meters', 1, 41, 3.434), ('4 Meters', 1, 2, 1.362), ('4 Meters', 1, 8, 1.254)]}}
{10: {1: 40}}
{10: {8: [('4 Meters', 1, 38, 1.538), ('4 Meters', 1, 15, 1.306), ('4 Meters', 1, 44, 3.451), ('4 Meters', 1, 41, 3.434), ('4 Meters', 1, 2, 1.362), ('4 Meters', 1, 8, 1.254), ('4 Meters', 1, 16, 1.228)]}}
{10: {1: 40}}
{10: {8: [('4 Meters', 1, 38, 1.538), ('4 Meters', 1, 15, 1.306), ('4 Meters', 1, 44, 3.451), ('4 Meters', 1, 41, 3.434), ('4 Meters', 1, 2, 1.362), ('4 Meters', 1, 8, 1.254), ('4 Meters', 1, 16, 1.228), ('4 Meters', 1, 8, 0.423)]}}
{10: {1: 40}}
{10: {8: [('4 Meters', 1, 38, 1.538), ('4 Meters', 1, 15, 1.306), ('4 Meters', 1, 44, 3.451), ('4 Meters', 1, 41, 3.434), ('4 Meters', 1, 2, 1.362), ('4 Meters', 1, 8, 1.254), ('4 Meters', 1, 16, 1.228), ('4 Meters', 1, 8, 0.423), ('4 Meters', 1, 16, 2.138)]}}
