[u'T386_20150207_2302_2341', u'T386_20150207_2793_2819', u'T386_20150212_1389_1466', u'T386_20150212_2640_2693', u'T916_20150207_2161_2181', u'T916_20150208_2161_2196', u'T916_20150208_2241_2271', u'T916_20150208_2602_2619', u'T386_20150212_1712_1767']
The map matching algorithm is running now, this could take a few minutes ...
{10: {1: 40}}
{10: {8: [('8 Meters', 1, 36, 2.39)]}}
{10: {1: 40}}
{10: {8: [('8 Meters', 1, 36, 2.39), ('8 Meters', 1, 26, 3.421)]}}
{10: {1: 40}}
{10: {8: [('8 Meters', 1, 36, 2.39), ('8 Meters', 1, 26, 3.421), ('8 Meters', 1, 65, 38.197)]}}
{10: {1: 40}}
{10: {8: [('8 Meters', 1, 36, 2.39), ('8 Meters', 1, 26, 3.421), ('8 Meters', 1, 65, 38.197), ('8 Meters', 1, 47, 5.595)]}}
{10: {1: 40}}
{10: {8: [('8 Meters', 1, 36, 2.39), ('8 Meters', 1, 26, 3.421), ('8 Meters', 1, 65, 38.197), ('8 Meters', 1, 47, 5.595), ('8 Meters', 1, 5, 4.233)]}}
{10: {1: 40}}
{10: {8: [('8 Meters', 1, 36, 2.39), ('8 Meters', 1, 26, 3.421), ('8 Meters', 1, 65, 38.197), ('8 Meters', 1, 47, 5.595), ('8 Meters', 1, 5, 4.233), ('8 Meters', 1, 21, 3.559)]}}
{10: {1: 40}}
{10: {8: [('8 Meters', 1, 36, 2.39), ('8 Meters', 1, 26, 3.421), ('8 Meters', 1, 65, 38.197), ('8 Meters', 1, 47, 5.595), ('8 Meters', 1, 5, 4.233), ('8 Meters', 1, 21, 3.559), ('8 Meters', 1, 27, 2.177)]}}
{10: {1: 40}}
{10: {8: [('8 Meters', 1, 36, 2.39), ('8 Meters', 1, 26, 3.421), ('8 Meters', 1, 65, 38.197), ('8 Meters', 1, 47, 5.595), ('8 Meters', 1, 5, 4.233), ('8 Meters', 1, 21, 3.559), ('8 Meters', 1, 27, 2.177), ('8 Meters', 1, 15, 1.179)]}}
{10: {1: 40}}
{10: {8: [('8 Meters', 1, 36, 2.39), ('8 Meters', 1, 26, 3.421), ('8 Meters', 1, 65, 38.197), ('8 Meters', 1, 47, 5.595), ('8 Meters', 1, 5, 4.233), ('8 Meters', 1, 21, 3.559), ('8 Meters', 1, 27, 2.177), ('8 Meters', 1, 15, 1.179), ('8 Meters', 1, 36, 5.142)]}}
