[u'T386_20150207_2302_2341', u'T386_20150207_2793_2819', u'T386_20150212_1389_1466', u'T386_20150212_2640_2693', u'T916_20150207_2161_2181', u'T916_20150208_2161_2196', u'T916_20150208_2241_2271', u'T916_20150208_2602_2619', u'T386_20150212_1712_1767']
The map matching algorithm is running now, this could take a few minutes ...
{10: {1: 40}}
{10: {15: [('25 Meters', 1, 38, 1.476)]}}
{10: {1: 40}}
{10: {15: [('25 Meters', 1, 38, 1.476), ('50 Meters', 1, 38, 1.456)]}}
{10: {1: 40}}
{10: {30: [('25 Meters', 1, 39, 1.444)], 15: [('25 Meters', 1, 38, 1.476), ('50 Meters', 1, 38, 1.456)]}}
{10: {1: 40}}
{10: {30: [('25 Meters', 1, 39, 1.444), ('50 Meters', 1, 39, 1.209)], 15: [('25 Meters', 1, 38, 1.476), ('50 Meters', 1, 38, 1.456)]}}
{10: {1: 40}}
{10: {30: [('25 Meters', 1, 39, 1.444), ('50 Meters', 1, 39, 1.209)], 15: [('25 Meters', 1, 38, 1.476), ('50 Meters', 1, 38, 1.456), ('25 Meters', 1, 24, 3.117)]}}
{10: {1: 40}}
{10: {30: [('25 Meters', 1, 39, 1.444), ('50 Meters', 1, 39, 1.209)], 15: [('25 Meters', 1, 38, 1.476), ('50 Meters', 1, 38, 1.456), ('25 Meters', 1, 24, 3.117), ('50 Meters', 1, 24, 4.047)]}}
{10: {1: 40}}
{10: {30: [('25 Meters', 1, 39, 1.444), ('50 Meters', 1, 39, 1.209), ('25 Meters', 1, 25, 1.439)], 15: [('25 Meters', 1, 38, 1.476), ('50 Meters', 1, 38, 1.456), ('25 Meters', 1, 24, 3.117), ('50 Meters', 1, 24, 4.047)]}}
{10: {1: 40}}
{10: {30: [('25 Meters', 1, 39, 1.444), ('50 Meters', 1, 39, 1.209), ('25 Meters', 1, 25, 1.439), ('50 Meters', 1, 25, 1.511)], 15: [('25 Meters', 1, 38, 1.476), ('50 Meters', 1, 38, 1.456), ('25 Meters', 1, 24, 3.117), ('50 Meters', 1, 24, 4.047)]}}
{10: {1: 40}}
{10: {30: [('25 Meters', 1, 39, 1.444), ('50 Meters', 1, 39, 1.209), ('25 Meters', 1, 25, 1.439), ('50 Meters', 1, 25, 1.511)], 15: [('25 Meters', 1, 38, 1.476), ('50 Meters', 1, 38, 1.456), ('25 Meters', 1, 24, 3.117), ('50 Meters', 1, 24, 4.047), ('25 Meters', 1, 61, 10.485)]}}
{10: {1: 40}}
{10: {30: [('25 Meters', 1, 39, 1.444), ('50 Meters', 1, 39, 1.209), ('25 Meters', 1, 25, 1.439), ('50 Meters', 1, 25, 1.511)], 15: [('25 Meters', 1, 38, 1.476), ('50 Meters', 1, 38, 1.456), ('25 Meters', 1, 24, 3.117), ('50 Meters', 1, 24, 4.047), ('25 Meters', 1, 61, 10.485), ('50 Meters', 1, 59, 15.12)]}}
{10: {1: 40}}
{10: {30: [('25 Meters', 1, 39, 1.444), ('50 Meters', 1, 39, 1.209), ('25 Meters', 1, 25, 1.439), ('50 Meters', 1, 25, 1.511), ('25 Meters', 1, 64, 5.169)], 15: [('25 Meters', 1, 38, 1.476), ('50 Meters', 1, 38, 1.456), ('25 Meters', 1, 24, 3.117), ('50 Meters', 1, 24, 4.047), ('25 Meters', 1, 61, 10.485), ('50 Meters', 1, 59, 15.12)]}}
{10: {1: 40}}
{10: {30: [('25 Meters', 1, 39, 1.444), ('50 Meters', 1, 39, 1.209), ('25 Meters', 1, 25, 1.439), ('50 Meters', 1, 25, 1.511), ('25 Meters', 1, 64, 5.169), ('50 Meters', 1, 61, 19.132)], 15: [('25 Meters', 1, 38, 1.476), ('50 Meters', 1, 38, 1.456), ('25 Meters', 1, 24, 3.117), ('50 Meters', 1, 24, 4.047), ('25 Meters', 1, 61, 10.485), ('50 Meters', 1, 59, 15.12)]}}
{10: {1: 40}}
{10: {30: [('25 Meters', 1, 39, 1.444), ('50 Meters', 1, 39, 1.209), ('25 Meters', 1, 25, 1.439), ('50 Meters', 1, 25, 1.511), ('25 Meters', 1, 64, 5.169), ('50 Meters', 1, 61, 19.132)], 15: [('25 Meters', 1, 38, 1.476), ('50 Meters', 1, 38, 1.456), ('25 Meters', 1, 24, 3.117), ('50 Meters', 1, 24, 4.047), ('25 Meters', 1, 61, 10.485), ('50 Meters', 1, 59, 15.12), ('25 Meters', 1, 47, 2.236)]}}
{10: {1: 40}}
{10: {30: [('25 Meters', 1, 39, 1.444), ('50 Meters', 1, 39, 1.209), ('25 Meters', 1, 25, 1.439), ('50 Meters', 1, 25, 1.511), ('25 Meters', 1, 64, 5.169), ('50 Meters', 1, 61, 19.132)], 15: [('25 Meters', 1, 38, 1.476), ('50 Meters', 1, 38, 1.456), ('25 Meters', 1, 24, 3.117), ('50 Meters', 1, 24, 4.047), ('25 Meters', 1, 61, 10.485), ('50 Meters', 1, 59, 15.12), ('25 Meters', 1, 47, 2.236), ('50 Meters', 1, 47, 3.459)]}}
{10: {1: 40}}
{10: {30: [('25 Meters', 1, 39, 1.444), ('50 Meters', 1, 39, 1.209), ('25 Meters', 1, 25, 1.439), ('50 Meters', 1, 25, 1.511), ('25 Meters', 1, 64, 5.169), ('50 Meters', 1, 61, 19.132), ('25 Meters', 1, 47, 2.278)], 15: [('25 Meters', 1, 38, 1.476), ('50 Meters', 1, 38, 1.456), ('25 Meters', 1, 24, 3.117), ('50 Meters', 1, 24, 4.047), ('25 Meters', 1, 61, 10.485), ('50 Meters', 1, 59, 15.12), ('25 Meters', 1, 47, 2.236), ('50 Meters', 1, 47, 3.459)]}}
{10: {1: 40}}
{10: {30: [('25 Meters', 1, 39, 1.444), ('50 Meters', 1, 39, 1.209), ('25 Meters', 1, 25, 1.439), ('50 Meters', 1, 25, 1.511), ('25 Meters', 1, 64, 5.169), ('50 Meters', 1, 61, 19.132), ('25 Meters', 1, 47, 2.278), ('50 Meters', 1, 47, 2.276)], 15: [('25 Meters', 1, 38, 1.476), ('50 Meters', 1, 38, 1.456), ('25 Meters', 1, 24, 3.117), ('50 Meters', 1, 24, 4.047), ('25 Meters', 1, 61, 10.485), ('50 Meters', 1, 59, 15.12), ('25 Meters', 1, 47, 2.236), ('50 Meters', 1, 47, 3.459)]}}
{10: {1: 40}}
{10: {30: [('25 Meters', 1, 39, 1.444), ('50 Meters', 1, 39, 1.209), ('25 Meters', 1, 25, 1.439), ('50 Meters', 1, 25, 1.511), ('25 Meters', 1, 64, 5.169), ('50 Meters', 1, 61, 19.132), ('25 Meters', 1, 47, 2.278), ('50 Meters', 1, 47, 2.276)], 15: [('25 Meters', 1, 38, 1.476), ('50 Meters', 1, 38, 1.456), ('25 Meters', 1, 24, 3.117), ('50 Meters', 1, 24, 4.047), ('25 Meters', 1, 61, 10.485), ('50 Meters', 1, 59, 15.12), ('25 Meters', 1, 47, 2.236), ('50 Meters', 1, 47, 3.459), ('25 Meters', 1, 13, 3.393)]}}
{10: {1: 40}}
{10: {30: [('25 Meters', 1, 39, 1.444), ('50 Meters', 1, 39, 1.209), ('25 Meters', 1, 25, 1.439), ('50 Meters', 1, 25, 1.511), ('25 Meters', 1, 64, 5.169), ('50 Meters', 1, 61, 19.132), ('25 Meters', 1, 47, 2.278), ('50 Meters', 1, 47, 2.276)], 15: [('25 Meters', 1, 38, 1.476), ('50 Meters', 1, 38, 1.456), ('25 Meters', 1, 24, 3.117), ('50 Meters', 1, 24, 4.047), ('25 Meters', 1, 61, 10.485), ('50 Meters', 1, 59, 15.12), ('25 Meters', 1, 47, 2.236), ('50 Meters', 1, 47, 3.459), ('25 Meters', 1, 13, 3.393), ('50 Meters', 1, 14, 5.348)]}}
{10: {1: 40}}
{10: {30: [('25 Meters', 1, 39, 1.444), ('50 Meters', 1, 39, 1.209), ('25 Meters', 1, 25, 1.439), ('50 Meters', 1, 25, 1.511), ('25 Meters', 1, 64, 5.169), ('50 Meters', 1, 61, 19.132), ('25 Meters', 1, 47, 2.278), ('50 Meters', 1, 47, 2.276), ('25 Meters', 1, 16, 1.182)], 15: [('25 Meters', 1, 38, 1.476), ('50 Meters', 1, 38, 1.456), ('25 Meters', 1, 24, 3.117), ('50 Meters', 1, 24, 4.047), ('25 Meters', 1, 61, 10.485), ('50 Meters', 1, 59, 15.12), ('25 Meters', 1, 47, 2.236), ('50 Meters', 1, 47, 3.459), ('25 Meters', 1, 13, 3.393), ('50 Meters', 1, 14, 5.348)]}}
{10: {1: 40}}
{10: {30: [('25 Meters', 1, 39, 1.444), ('50 Meters', 1, 39, 1.209), ('25 Meters', 1, 25, 1.439), ('50 Meters', 1, 25, 1.511), ('25 Meters', 1, 64, 5.169), ('50 Meters', 1, 61, 19.132), ('25 Meters', 1, 47, 2.278), ('50 Meters', 1, 47, 2.276), ('25 Meters', 1, 16, 1.182), ('50 Meters', 1, 16, 1.242)], 15: [('25 Meters', 1, 38, 1.476), ('50 Meters', 1, 38, 1.456), ('25 Meters', 1, 24, 3.117), ('50 Meters', 1, 24, 4.047), ('25 Meters', 1, 61, 10.485), ('50 Meters', 1, 59, 15.12), ('25 Meters', 1, 47, 2.236), ('50 Meters', 1, 47, 3.459), ('25 Meters', 1, 13, 3.393), ('50 Meters', 1, 14, 5.348)]}}
{10: {1: 40}}
{10: {30: [('25 Meters', 1, 39, 1.444), ('50 Meters', 1, 39, 1.209), ('25 Meters', 1, 25, 1.439), ('50 Meters', 1, 25, 1.511), ('25 Meters', 1, 64, 5.169), ('50 Meters', 1, 61, 19.132), ('25 Meters', 1, 47, 2.278), ('50 Meters', 1, 47, 2.276), ('25 Meters', 1, 16, 1.182), ('50 Meters', 1, 16, 1.242)], 15: [('25 Meters', 1, 38, 1.476), ('50 Meters', 1, 38, 1.456), ('25 Meters', 1, 24, 3.117), ('50 Meters', 1, 24, 4.047), ('25 Meters', 1, 61, 10.485), ('50 Meters', 1, 59, 15.12), ('25 Meters', 1, 47, 2.236), ('50 Meters', 1, 47, 3.459), ('25 Meters', 1, 13, 3.393), ('50 Meters', 1, 14, 5.348), ('25 Meters', 1, 27, 2.535)]}}
{10: {1: 40}}
{10: {30: [('25 Meters', 1, 39, 1.444), ('50 Meters', 1, 39, 1.209), ('25 Meters', 1, 25, 1.439), ('50 Meters', 1, 25, 1.511), ('25 Meters', 1, 64, 5.169), ('50 Meters', 1, 61, 19.132), ('25 Meters', 1, 47, 2.278), ('50 Meters', 1, 47, 2.276), ('25 Meters', 1, 16, 1.182), ('50 Meters', 1, 16, 1.242)], 15: [('25 Meters', 1, 38, 1.476), ('50 Meters', 1, 38, 1.456), ('25 Meters', 1, 24, 3.117), ('50 Meters', 1, 24, 4.047), ('25 Meters', 1, 61, 10.485), ('50 Meters', 1, 59, 15.12), ('25 Meters', 1, 47, 2.236), ('50 Meters', 1, 47, 3.459), ('25 Meters', 1, 13, 3.393), ('50 Meters', 1, 14, 5.348), ('25 Meters', 1, 27, 2.535), ('50 Meters', 1, 27, 5.021)]}}
{10: {1: 40}}
{10: {30: [('25 Meters', 1, 39, 1.444), ('50 Meters', 1, 39, 1.209), ('25 Meters', 1, 25, 1.439), ('50 Meters', 1, 25, 1.511), ('25 Meters', 1, 64, 5.169), ('50 Meters', 1, 61, 19.132), ('25 Meters', 1, 47, 2.278), ('50 Meters', 1, 47, 2.276), ('25 Meters', 1, 16, 1.182), ('50 Meters', 1, 16, 1.242), ('25 Meters', 1, 25, 1.596)], 15: [('25 Meters', 1, 38, 1.476), ('50 Meters', 1, 38, 1.456), ('25 Meters', 1, 24, 3.117), ('50 Meters', 1, 24, 4.047), ('25 Meters', 1, 61, 10.485), ('50 Meters', 1, 59, 15.12), ('25 Meters', 1, 47, 2.236), ('50 Meters', 1, 47, 3.459), ('25 Meters', 1, 13, 3.393), ('50 Meters', 1, 14, 5.348), ('25 Meters', 1, 27, 2.535), ('50 Meters', 1, 27, 5.021)]}}
{10: {1: 40}}
{10: {30: [('25 Meters', 1, 39, 1.444), ('50 Meters', 1, 39, 1.209), ('25 Meters', 1, 25, 1.439), ('50 Meters', 1, 25, 1.511), ('25 Meters', 1, 64, 5.169), ('50 Meters', 1, 61, 19.132), ('25 Meters', 1, 47, 2.278), ('50 Meters', 1, 47, 2.276), ('25 Meters', 1, 16, 1.182), ('50 Meters', 1, 16, 1.242), ('25 Meters', 1, 25, 1.596), ('50 Meters', 1, 25, 2.07)], 15: [('25 Meters', 1, 38, 1.476), ('50 Meters', 1, 38, 1.456), ('25 Meters', 1, 24, 3.117), ('50 Meters', 1, 24, 4.047), ('25 Meters', 1, 61, 10.485), ('50 Meters', 1, 59, 15.12), ('25 Meters', 1, 47, 2.236), ('50 Meters', 1, 47, 3.459), ('25 Meters', 1, 13, 3.393), ('50 Meters', 1, 14, 5.348), ('25 Meters', 1, 27, 2.535), ('50 Meters', 1, 27, 5.021)]}}
{10: {1: 40}}
{10: {30: [('25 Meters', 1, 39, 1.444), ('50 Meters', 1, 39, 1.209), ('25 Meters', 1, 25, 1.439), ('50 Meters', 1, 25, 1.511), ('25 Meters', 1, 64, 5.169), ('50 Meters', 1, 61, 19.132), ('25 Meters', 1, 47, 2.278), ('50 Meters', 1, 47, 2.276), ('25 Meters', 1, 16, 1.182), ('50 Meters', 1, 16, 1.242), ('25 Meters', 1, 25, 1.596), ('50 Meters', 1, 25, 2.07)], 15: [('25 Meters', 1, 38, 1.476), ('50 Meters', 1, 38, 1.456), ('25 Meters', 1, 24, 3.117), ('50 Meters', 1, 24, 4.047), ('25 Meters', 1, 61, 10.485), ('50 Meters', 1, 59, 15.12), ('25 Meters', 1, 47, 2.236), ('50 Meters', 1, 47, 3.459), ('25 Meters', 1, 13, 3.393), ('50 Meters', 1, 14, 5.348), ('25 Meters', 1, 27, 2.535), ('50 Meters', 1, 27, 5.021), ('25 Meters', 1, 27, 2.154)]}}
{10: {1: 40}}
{10: {30: [('25 Meters', 1, 39, 1.444), ('50 Meters', 1, 39, 1.209), ('25 Meters', 1, 25, 1.439), ('50 Meters', 1, 25, 1.511), ('25 Meters', 1, 64, 5.169), ('50 Meters', 1, 61, 19.132), ('25 Meters', 1, 47, 2.278), ('50 Meters', 1, 47, 2.276), ('25 Meters', 1, 16, 1.182), ('50 Meters', 1, 16, 1.242), ('25 Meters', 1, 25, 1.596), ('50 Meters', 1, 25, 2.07)], 15: [('25 Meters', 1, 38, 1.476), ('50 Meters', 1, 38, 1.456), ('25 Meters', 1, 24, 3.117), ('50 Meters', 1, 24, 4.047), ('25 Meters', 1, 61, 10.485), ('50 Meters', 1, 59, 15.12), ('25 Meters', 1, 47, 2.236), ('50 Meters', 1, 47, 3.459), ('25 Meters', 1, 13, 3.393), ('50 Meters', 1, 14, 5.348), ('25 Meters', 1, 27, 2.535), ('50 Meters', 1, 27, 5.021), ('25 Meters', 1, 27, 2.154), ('50 Meters', 1, 27, 1.43)]}}
{10: {1: 40}}
{10: {30: [('25 Meters', 1, 39, 1.444), ('50 Meters', 1, 39, 1.209), ('25 Meters', 1, 25, 1.439), ('50 Meters', 1, 25, 1.511), ('25 Meters', 1, 64, 5.169), ('50 Meters', 1, 61, 19.132), ('25 Meters', 1, 47, 2.278), ('50 Meters', 1, 47, 2.276), ('25 Meters', 1, 16, 1.182), ('50 Meters', 1, 16, 1.242), ('25 Meters', 1, 25, 1.596), ('50 Meters', 1, 25, 2.07), ('25 Meters', 1, 27, 0.408)], 15: [('25 Meters', 1, 38, 1.476), ('50 Meters', 1, 38, 1.456), ('25 Meters', 1, 24, 3.117), ('50 Meters', 1, 24, 4.047), ('25 Meters', 1, 61, 10.485), ('50 Meters', 1, 59, 15.12), ('25 Meters', 1, 47, 2.236), ('50 Meters', 1, 47, 3.459), ('25 Meters', 1, 13, 3.393), ('50 Meters', 1, 14, 5.348), ('25 Meters', 1, 27, 2.535), ('50 Meters', 1, 27, 5.021), ('25 Meters', 1, 27, 2.154), ('50 Meters', 1, 27, 1.43)]}}
{10: {1: 40}}
{10: {30: [('25 Meters', 1, 39, 1.444), ('50 Meters', 1, 39, 1.209), ('25 Meters', 1, 25, 1.439), ('50 Meters', 1, 25, 1.511), ('25 Meters', 1, 64, 5.169), ('50 Meters', 1, 61, 19.132), ('25 Meters', 1, 47, 2.278), ('50 Meters', 1, 47, 2.276), ('25 Meters', 1, 16, 1.182), ('50 Meters', 1, 16, 1.242), ('25 Meters', 1, 25, 1.596), ('50 Meters', 1, 25, 2.07), ('25 Meters', 1, 27, 0.408), ('50 Meters', 1, 27, 0.405)], 15: [('25 Meters', 1, 38, 1.476), ('50 Meters', 1, 38, 1.456), ('25 Meters', 1, 24, 3.117), ('50 Meters', 1, 24, 4.047), ('25 Meters', 1, 61, 10.485), ('50 Meters', 1, 59, 15.12), ('25 Meters', 1, 47, 2.236), ('50 Meters', 1, 47, 3.459), ('25 Meters', 1, 13, 3.393), ('50 Meters', 1, 14, 5.348), ('25 Meters', 1, 27, 2.535), ('50 Meters', 1, 27, 5.021), ('25 Meters', 1, 27, 2.154), ('50 Meters', 1, 27, 1.43)]}}
{10: {1: 40}}
{10: {30: [('25 Meters', 1, 39, 1.444), ('50 Meters', 1, 39, 1.209), ('25 Meters', 1, 25, 1.439), ('50 Meters', 1, 25, 1.511), ('25 Meters', 1, 64, 5.169), ('50 Meters', 1, 61, 19.132), ('25 Meters', 1, 47, 2.278), ('50 Meters', 1, 47, 2.276), ('25 Meters', 1, 16, 1.182), ('50 Meters', 1, 16, 1.242), ('25 Meters', 1, 25, 1.596), ('50 Meters', 1, 25, 2.07), ('25 Meters', 1, 27, 0.408), ('50 Meters', 1, 27, 0.405)], 15: [('25 Meters', 1, 38, 1.476), ('50 Meters', 1, 38, 1.456), ('25 Meters', 1, 24, 3.117), ('50 Meters', 1, 24, 4.047), ('25 Meters', 1, 61, 10.485), ('50 Meters', 1, 59, 15.12), ('25 Meters', 1, 47, 2.236), ('50 Meters', 1, 47, 3.459), ('25 Meters', 1, 13, 3.393), ('50 Meters', 1, 14, 5.348), ('25 Meters', 1, 27, 2.535), ('50 Meters', 1, 27, 5.021), ('25 Meters', 1, 27, 2.154), ('50 Meters', 1, 27, 1.43), ('25 Meters', 1, 15, 0.291)]}}
{10: {1: 40}}
{10: {30: [('25 Meters', 1, 39, 1.444), ('50 Meters', 1, 39, 1.209), ('25 Meters', 1, 25, 1.439), ('50 Meters', 1, 25, 1.511), ('25 Meters', 1, 64, 5.169), ('50 Meters', 1, 61, 19.132), ('25 Meters', 1, 47, 2.278), ('50 Meters', 1, 47, 2.276), ('25 Meters', 1, 16, 1.182), ('50 Meters', 1, 16, 1.242), ('25 Meters', 1, 25, 1.596), ('50 Meters', 1, 25, 2.07), ('25 Meters', 1, 27, 0.408), ('50 Meters', 1, 27, 0.405)], 15: [('25 Meters', 1, 38, 1.476), ('50 Meters', 1, 38, 1.456), ('25 Meters', 1, 24, 3.117), ('50 Meters', 1, 24, 4.047), ('25 Meters', 1, 61, 10.485), ('50 Meters', 1, 59, 15.12), ('25 Meters', 1, 47, 2.236), ('50 Meters', 1, 47, 3.459), ('25 Meters', 1, 13, 3.393), ('50 Meters', 1, 14, 5.348), ('25 Meters', 1, 27, 2.535), ('50 Meters', 1, 27, 5.021), ('25 Meters', 1, 27, 2.154), ('50 Meters', 1, 27, 1.43), ('25 Meters', 1, 15, 0.291), ('50 Meters', 1, 15, 0.302)]}}
{10: {1: 40}}
{10: {30: [('25 Meters', 1, 39, 1.444), ('50 Meters', 1, 39, 1.209), ('25 Meters', 1, 25, 1.439), ('50 Meters', 1, 25, 1.511), ('25 Meters', 1, 64, 5.169), ('50 Meters', 1, 61, 19.132), ('25 Meters', 1, 47, 2.278), ('50 Meters', 1, 47, 2.276), ('25 Meters', 1, 16, 1.182), ('50 Meters', 1, 16, 1.242), ('25 Meters', 1, 25, 1.596), ('50 Meters', 1, 25, 2.07), ('25 Meters', 1, 27, 0.408), ('50 Meters', 1, 27, 0.405), ('25 Meters', 1, 15, 0.305)], 15: [('25 Meters', 1, 38, 1.476), ('50 Meters', 1, 38, 1.456), ('25 Meters', 1, 24, 3.117), ('50 Meters', 1, 24, 4.047), ('25 Meters', 1, 61, 10.485), ('50 Meters', 1, 59, 15.12), ('25 Meters', 1, 47, 2.236), ('50 Meters', 1, 47, 3.459), ('25 Meters', 1, 13, 3.393), ('50 Meters', 1, 14, 5.348), ('25 Meters', 1, 27, 2.535), ('50 Meters', 1, 27, 5.021), ('25 Meters', 1, 27, 2.154), ('50 Meters', 1, 27, 1.43), ('25 Meters', 1, 15, 0.291), ('50 Meters', 1, 15, 0.302)]}}
{10: {1: 40}}
{10: {30: [('25 Meters', 1, 39, 1.444), ('50 Meters', 1, 39, 1.209), ('25 Meters', 1, 25, 1.439), ('50 Meters', 1, 25, 1.511), ('25 Meters', 1, 64, 5.169), ('50 Meters', 1, 61, 19.132), ('25 Meters', 1, 47, 2.278), ('50 Meters', 1, 47, 2.276), ('25 Meters', 1, 16, 1.182), ('50 Meters', 1, 16, 1.242), ('25 Meters', 1, 25, 1.596), ('50 Meters', 1, 25, 2.07), ('25 Meters', 1, 27, 0.408), ('50 Meters', 1, 27, 0.405), ('25 Meters', 1, 15, 0.305), ('50 Meters', 1, 15, 0.294)], 15: [('25 Meters', 1, 38, 1.476), ('50 Meters', 1, 38, 1.456), ('25 Meters', 1, 24, 3.117), ('50 Meters', 1, 24, 4.047), ('25 Meters', 1, 61, 10.485), ('50 Meters', 1, 59, 15.12), ('25 Meters', 1, 47, 2.236), ('50 Meters', 1, 47, 3.459), ('25 Meters', 1, 13, 3.393), ('50 Meters', 1, 14, 5.348), ('25 Meters', 1, 27, 2.535), ('50 Meters', 1, 27, 5.021), ('25 Meters', 1, 27, 2.154), ('50 Meters', 1, 27, 1.43), ('25 Meters', 1, 15, 0.291), ('50 Meters', 1, 15, 0.302)]}}
{10: {1: 40}}
{10: {30: [('25 Meters', 1, 39, 1.444), ('50 Meters', 1, 39, 1.209), ('25 Meters', 1, 25, 1.439), ('50 Meters', 1, 25, 1.511), ('25 Meters', 1, 64, 5.169), ('50 Meters', 1, 61, 19.132), ('25 Meters', 1, 47, 2.278), ('50 Meters', 1, 47, 2.276), ('25 Meters', 1, 16, 1.182), ('50 Meters', 1, 16, 1.242), ('25 Meters', 1, 25, 1.596), ('50 Meters', 1, 25, 2.07), ('25 Meters', 1, 27, 0.408), ('50 Meters', 1, 27, 0.405), ('25 Meters', 1, 15, 0.305), ('50 Meters', 1, 15, 0.294)], 15: [('25 Meters', 1, 38, 1.476), ('50 Meters', 1, 38, 1.456), ('25 Meters', 1, 24, 3.117), ('50 Meters', 1, 24, 4.047), ('25 Meters', 1, 61, 10.485), ('50 Meters', 1, 59, 15.12), ('25 Meters', 1, 47, 2.236), ('50 Meters', 1, 47, 3.459), ('25 Meters', 1, 13, 3.393), ('50 Meters', 1, 14, 5.348), ('25 Meters', 1, 27, 2.535), ('50 Meters', 1, 27, 5.021), ('25 Meters', 1, 27, 2.154), ('50 Meters', 1, 27, 1.43), ('25 Meters', 1, 15, 0.291), ('50 Meters', 1, 15, 0.302), ('25 Meters', 1, 49, 2.353)]}}
{10: {1: 40}}
{10: {30: [('25 Meters', 1, 39, 1.444), ('50 Meters', 1, 39, 1.209), ('25 Meters', 1, 25, 1.439), ('50 Meters', 1, 25, 1.511), ('25 Meters', 1, 64, 5.169), ('50 Meters', 1, 61, 19.132), ('25 Meters', 1, 47, 2.278), ('50 Meters', 1, 47, 2.276), ('25 Meters', 1, 16, 1.182), ('50 Meters', 1, 16, 1.242), ('25 Meters', 1, 25, 1.596), ('50 Meters', 1, 25, 2.07), ('25 Meters', 1, 27, 0.408), ('50 Meters', 1, 27, 0.405), ('25 Meters', 1, 15, 0.305), ('50 Meters', 1, 15, 0.294)], 15: [('25 Meters', 1, 38, 1.476), ('50 Meters', 1, 38, 1.456), ('25 Meters', 1, 24, 3.117), ('50 Meters', 1, 24, 4.047), ('25 Meters', 1, 61, 10.485), ('50 Meters', 1, 59, 15.12), ('25 Meters', 1, 47, 2.236), ('50 Meters', 1, 47, 3.459), ('25 Meters', 1, 13, 3.393), ('50 Meters', 1, 14, 5.348), ('25 Meters', 1, 27, 2.535), ('50 Meters', 1, 27, 5.021), ('25 Meters', 1, 27, 2.154), ('50 Meters', 1, 27, 1.43), ('25 Meters', 1, 15, 0.291), ('50 Meters', 1, 15, 0.302), ('25 Meters', 1, 49, 2.353), ('50 Meters', 1, 47, 3.311)]}}
{10: {1: 40}}
{10: {30: [('25 Meters', 1, 39, 1.444), ('50 Meters', 1, 39, 1.209), ('25 Meters', 1, 25, 1.439), ('50 Meters', 1, 25, 1.511), ('25 Meters', 1, 64, 5.169), ('50 Meters', 1, 61, 19.132), ('25 Meters', 1, 47, 2.278), ('50 Meters', 1, 47, 2.276), ('25 Meters', 1, 16, 1.182), ('50 Meters', 1, 16, 1.242), ('25 Meters', 1, 25, 1.596), ('50 Meters', 1, 25, 2.07), ('25 Meters', 1, 27, 0.408), ('50 Meters', 1, 27, 0.405), ('25 Meters', 1, 15, 0.305), ('50 Meters', 1, 15, 0.294), ('25 Meters', 1, 50, 1.229)], 15: [('25 Meters', 1, 38, 1.476), ('50 Meters', 1, 38, 1.456), ('25 Meters', 1, 24, 3.117), ('50 Meters', 1, 24, 4.047), ('25 Meters', 1, 61, 10.485), ('50 Meters', 1, 59, 15.12), ('25 Meters', 1, 47, 2.236), ('50 Meters', 1, 47, 3.459), ('25 Meters', 1, 13, 3.393), ('50 Meters', 1, 14, 5.348), ('25 Meters', 1, 27, 2.535), ('50 Meters', 1, 27, 5.021), ('25 Meters', 1, 27, 2.154), ('50 Meters', 1, 27, 1.43), ('25 Meters', 1, 15, 0.291), ('50 Meters', 1, 15, 0.302), ('25 Meters', 1, 49, 2.353), ('50 Meters', 1, 47, 3.311)]}}
{10: {1: 40}}
{10: {30: [('25 Meters', 1, 39, 1.444), ('50 Meters', 1, 39, 1.209), ('25 Meters', 1, 25, 1.439), ('50 Meters', 1, 25, 1.511), ('25 Meters', 1, 64, 5.169), ('50 Meters', 1, 61, 19.132), ('25 Meters', 1, 47, 2.278), ('50 Meters', 1, 47, 2.276), ('25 Meters', 1, 16, 1.182), ('50 Meters', 1, 16, 1.242), ('25 Meters', 1, 25, 1.596), ('50 Meters', 1, 25, 2.07), ('25 Meters', 1, 27, 0.408), ('50 Meters', 1, 27, 0.405), ('25 Meters', 1, 15, 0.305), ('50 Meters', 1, 15, 0.294), ('25 Meters', 1, 50, 1.229), ('50 Meters', 1, 49, 1.201)], 15: [('25 Meters', 1, 38, 1.476), ('50 Meters', 1, 38, 1.456), ('25 Meters', 1, 24, 3.117), ('50 Meters', 1, 24, 4.047), ('25 Meters', 1, 61, 10.485), ('50 Meters', 1, 59, 15.12), ('25 Meters', 1, 47, 2.236), ('50 Meters', 1, 47, 3.459), ('25 Meters', 1, 13, 3.393), ('50 Meters', 1, 14, 5.348), ('25 Meters', 1, 27, 2.535), ('50 Meters', 1, 27, 5.021), ('25 Meters', 1, 27, 2.154), ('50 Meters', 1, 27, 1.43), ('25 Meters', 1, 15, 0.291), ('50 Meters', 1, 15, 0.302), ('25 Meters', 1, 49, 2.353), ('50 Meters', 1, 47, 3.311)]}}
