[u'T386_20150207_2302_2341', u'T386_20150207_2793_2819', u'T386_20150212_1389_1466', u'T386_20150212_2640_2693', u'T916_20150207_2161_2181', u'T916_20150208_2161_2196', u'T916_20150208_2241_2271', u'T916_20150208_2602_2619', u'T386_20150212_1712_1767']
The map matching algorithm is running now, this could take a few minutes ...
{10: {1: 40}}
{10: {8: [('64 Meters', 1, 30, 3.406)]}}
{10: {1: 40}}
{10: {8: [('64 Meters', 1, 30, 3.406), ('64 Meters', 1, 20, 3.345)]}}
{10: {1: 40}}
{10: {8: [('64 Meters', 1, 30, 3.406), ('64 Meters', 1, 20, 3.345), ('64 Meters', 1, 54, 18.317)]}}
{10: {1: 40}}
{10: {8: [('64 Meters', 1, 30, 3.406), ('64 Meters', 1, 20, 3.345), ('64 Meters', 1, 54, 18.317), ('64 Meters', 1, 42, 7.3)]}}
{10: {1: 40}}
{10: {8: [('64 Meters', 1, 30, 3.406), ('64 Meters', 1, 20, 3.345), ('64 Meters', 1, 54, 18.317), ('64 Meters', 1, 42, 7.3), ('64 Meters', 1, 14, 8.05)]}}
{10: {1: 40}}
{10: {8: [('64 Meters', 1, 30, 3.406), ('64 Meters', 1, 20, 3.345), ('64 Meters', 1, 54, 18.317), ('64 Meters', 1, 42, 7.3), ('64 Meters', 1, 14, 8.05), ('64 Meters', 1, 21, 4.026)]}}
{10: {1: 40}}
{10: {8: [('64 Meters', 1, 30, 3.406), ('64 Meters', 1, 20, 3.345), ('64 Meters', 1, 54, 18.317), ('64 Meters', 1, 42, 7.3), ('64 Meters', 1, 14, 8.05), ('64 Meters', 1, 21, 4.026), ('64 Meters', 1, 25, 2.521)]}}
{10: {1: 40}}
{10: {8: [('64 Meters', 1, 30, 3.406), ('64 Meters', 1, 20, 3.345), ('64 Meters', 1, 54, 18.317), ('64 Meters', 1, 42, 7.3), ('64 Meters', 1, 14, 8.05), ('64 Meters', 1, 21, 4.026), ('64 Meters', 1, 25, 2.521), ('64 Meters', 1, 16, 1.558)]}}
{10: {1: 40}}
{10: {8: [('64 Meters', 1, 30, 3.406), ('64 Meters', 1, 20, 3.345), ('64 Meters', 1, 54, 18.317), ('64 Meters', 1, 42, 7.3), ('64 Meters', 1, 14, 8.05), ('64 Meters', 1, 21, 4.026), ('64 Meters', 1, 25, 2.521), ('64 Meters', 1, 16, 1.558), ('64 Meters', 1, 40, 9.571)]}}
