2022-02-03 10:10:30.396000
[u'T386_20150207_2302_2341', u'T386_20150207_2793_2819', u'T386_20150212_1389_1466', u'T386_20150212_2640_2693', u'T916_20150207_2161_2181', u'T916_20150208_2161_2196', u'T916_20150208_2241_2271', u'T916_20150208_2602_2619', u'T386_20150212_1712_1767']
The map matching algorithm is running now, this could take a few minutes ...
d_gps={10: {1: 40}}
d_res={10: {8: [('8 Meters', 1, 39, 3.415)]}}
d_gps={10: {1: 40}}
d_res={10: {8: [('8 Meters', 1, 39, 3.415), ('8 Meters', 1, 26, 3.318)]}}
d_gps={10: {1: 40}}
d_res={10: {8: [('8 Meters', 1, 39, 3.415), ('8 Meters', 1, 26, 3.318), ('16 Meters', 1, 66, 9.44)]}}
d_gps={10: {1: 40}}
d_res={10: {8: [('8 Meters', 1, 39, 3.415), ('8 Meters', 1, 26, 3.318), ('16 Meters', 1, 66, 9.44), ('32 Meters', 1, 48, 8.041)]}}
d_gps={10: {1: 40}}
d_res={10: {8: [('8 Meters', 1, 39, 3.415), ('8 Meters', 1, 26, 3.318), ('16 Meters', 1, 66, 9.44), ('32 Meters', 1, 48, 8.041), ('16 Meters', 1, 15, 4.27)]}}
d_gps={10: {1: 40}}
d_res={10: {8: [('8 Meters', 1, 39, 3.415), ('8 Meters', 1, 26, 3.318), ('16 Meters', 1, 66, 9.44), ('32 Meters', 1, 48, 8.041), ('16 Meters', 1, 15, 4.27), ('16 Meters', 1, 25, 4.018)]}}
d_gps={10: {1: 40}}
d_res={10: {8: [('8 Meters', 1, 39, 3.415), ('8 Meters', 1, 26, 3.318), ('16 Meters', 1, 66, 9.44), ('32 Meters', 1, 48, 8.041), ('16 Meters', 1, 15, 4.27), ('16 Meters', 1, 25, 4.018), ('16 Meters', 1, 30, 4.178)]}}
d_gps={10: {1: 40}}
d_res={10: {8: [('8 Meters', 1, 39, 3.415), ('8 Meters', 1, 26, 3.318), ('16 Meters', 1, 66, 9.44), ('32 Meters', 1, 48, 8.041), ('16 Meters', 1, 15, 4.27), ('16 Meters', 1, 25, 4.018), ('16 Meters', 1, 30, 4.178), ('32 Meters', 1, 14, 2.524)]}}
d_gps={10: {1: 40}}
d_res={10: {8: [('8 Meters', 1, 39, 3.415), ('8 Meters', 1, 26, 3.318), ('16 Meters', 1, 66, 9.44), ('32 Meters', 1, 48, 8.041), ('16 Meters', 1, 15, 4.27), ('16 Meters', 1, 25, 4.018), ('16 Meters', 1, 30, 4.178), ('32 Meters', 1, 14, 2.524), ('16 Meters', 1, 47, 8.495)]}}
